<?xml version="1.0" encoding="UTF-8"?>
<testng-results ignored="0" total="1" passed="1" failed="0" skipped="0">
  <reporter-output>
  </reporter-output>
  <suite started-at="2024-02-04T16:52:06 EST" name="Default suite" finished-at="2024-02-04T16:52:06 EST" duration-ms="45">
    <groups>
    </groups>
    <test started-at="2024-02-04T16:52:06 EST" name="Default test" finished-at="2024-02-04T16:52:06 EST" duration-ms="45">
      <class name="Abstraction.Testng">
        <test-method signature="methodname()[pri:0, instance:Abstraction.Testng@4567f35d]" started-at="2024-02-04T16:52:06 EST" name="methodname" finished-at="2024-02-04T16:52:06 EST" duration-ms="10" status="PASS">
          <reporter-output>
          </reporter-output>
        </test-method> <!-- methodname -->
      </class> <!-- Abstraction.Testng -->
    </test> <!-- Default test -->
  </suite> <!-- Default suite -->
</testng-results>
